This is pdfTeX, Version 3.1415926-2.3-1.40.12 (MiKTeX 2.9) (preloaded format=latex 2013.1.23)  11 DEC 2013 22:32
entering extended mode
**sig-alternate.tex

(C:\Users\Jie_Lee\Desktop\masking-effect-in-combinatorial-testing\sig-alternate
.tex
LaTeX2e <2011/06/27>
Babel <v3.8m> and hyphenation patterns for loaded.

(C:\Users\Jie_Lee\Desktop\masking-effect-in-combinatorial-testing\sig-alternate
.cls (C:\CTEX\MiKTeX\tex\latex\graphics\epsfig.sty
Package: epsfig 1999/02/16 v1.7a (e)psfig emulation (SPQR)

(C:\CTEX\MiKTeX\tex\latex\graphics\graphicx.sty
Package: graphicx 1999/02/16 v1.0f Enhanced LaTeX Graphics (DPC,SPQR)

(C:\CTEX\MiKTeX\tex\latex\graphics\keyval.sty
Package: keyval 1999/03/16 v1.13 key=value parser (DPC)
\KV@toks@=\toks14
)
(C:\CTEX\MiKTeX\tex\latex\graphics\graphics.sty
Package: graphics 2009/02/05 v1.0o Standard LaTeX Graphics (DPC,SPQR)

(C:\CTEX\MiKTeX\tex\latex\graphics\trig.sty
Package: trig 1999/03/16 v1.09 sin cos tan (DPC)
)
(C:\CTEX\MiKTeX\tex\latex\00miktex\graphics.cfg
File: graphics.cfg 2007/01/18 v1.5 graphics configuration of teTeX/TeXLive
)
Package graphics Info: Driver file: dvips.def on input line 91.

(C:\CTEX\MiKTeX\tex\latex\graphics\dvips.def
File: dvips.def 1999/02/16 v3.0i Driver-dependant file (DPC,SPQR)
))
\Gin@req@height=\dimen102
\Gin@req@width=\dimen103
)
\epsfxsize=\dimen104
\epsfysize=\dimen105
)
(C:\CTEX\MiKTeX\tex\latex\amsfonts\amssymb.sty
Package: amssymb 2009/06/22 v3.00

(C:\CTEX\MiKTeX\tex\latex\amsfonts\amsfonts.sty
Package: amsfonts 2009/06/22 v3.00 Basic AMSFonts support
\@emptytoks=\toks15
\symAMSa=\mathgroup4
\symAMSb=\mathgroup5
LaTeX Font Info:    Overwriting math alphabet `\mathfrak' in version `bold'
(Font)                  U/euf/m/n --> U/euf/b/n on input line 96.
))
(C:\CTEX\MiKTeX\tex\latex\ams\math\amsmath.sty
Package: amsmath 2000/07/18 v2.13 AMS math features
\@mathmargin=\skip41

For additional information on amsmath, use the `?' option.
(C:\CTEX\MiKTeX\tex\latex\ams\math\amstext.sty
Package: amstext 2000/06/29 v2.01

(C:\CTEX\MiKTeX\tex\latex\ams\math\amsgen.sty
File: amsgen.sty 1999/11/30 v2.0
\@emptytoks=\toks16
\ex@=\dimen106
))
(C:\CTEX\MiKTeX\tex\latex\ams\math\amsbsy.sty
Package: amsbsy 1999/11/29 v1.2d
\pmbraise@=\dimen107
)
(C:\CTEX\MiKTeX\tex\latex\ams\math\amsopn.sty
Package: amsopn 1999/12/14 v2.01 operator names
)
\inf@bad=\count79
LaTeX Info: Redefining \frac on input line 211.
\uproot@=\count80
\leftroot@=\count81
LaTeX Info: Redefining \overline on input line 307.
\classnum@=\count82
\DOTSCASE@=\count83
LaTeX Info: Redefining \ldots on input line 379.
LaTeX Info: Redefining \dots on input line 382.
LaTeX Info: Redefining \cdots on input line 467.
\Mathstrutbox@=\box26
\strutbox@=\box27
\big@size=\dimen108
LaTeX Font Info:    Redeclaring font encoding OML on input line 567.
LaTeX Font Info:    Redeclaring font encoding OMS on input line 568.
\macc@depth=\count84
\c@MaxMatrixCols=\count85
\dotsspace@=\muskip10
\c@parentequation=\count86
\dspbrk@lvl=\count87
\tag@help=\toks17
\row@=\count88
\column@=\count89
\maxfields@=\count90
\andhelp@=\toks18
\eqnshift@=\dimen109
\alignsep@=\dimen110
\tagshift@=\dimen111
\tagwidth@=\dimen112
\totwidth@=\dimen113
\lineht@=\dimen114
\@envbody=\toks19
\multlinegap=\skip42
\multlinetaggap=\skip43
\mathdisplay@stack=\toks20
LaTeX Info: Redefining \[ on input line 2666.
LaTeX Info: Redefining \] on input line 2667.
)
Document Class 'sig-alternate' <23rd. May '12>. Modified by G.K.M. Tobin/Gerry 
Murray
Based in part upon document Style `acmconf' <22 May 89>. Hacked 4/91 by
shivers@cs.cmu.edu, 4/93 by theobald@cs.mcgill.ca
Excerpts were taken from (Journal Style) 'esub2acm.cls'.
****** Bugs/comments/suggestions/technicalities to Gerry Murray -- murray@hq.ac
m.org ******
Questions on the style, SIGS policies, etc. to Adrienne Griscti griscti@acm.org

\footheight=\dimen115
\@maxsep=\dimen116
\@dblmaxsep=\dimen117
\aucount=\count91
\originalaucount=\count92
\auwidth=\dimen118
\auskip=\dimen119
\auskipcount=\count93
\auskip=\dimen120
\allauboxes=\dimen121
\addauthors=\toks21
\addauflag=\count94
\subtitletext=\toks22
\savesection=\count95
\sectioncntr=\count96
\c@figure=\count97
\c@table=\count98
\titleboxnotes=\toks23
\titleboxnoteflag=\count99
Document Class: sig-alternate 2012/05/23 - V2.5 - based on acmproc.cls V1.3 <No
v. 30 '99>
(C:\CTEX\MiKTeX\tex\latex\base\latexsym.sty
Package: latexsym 1998/08/17 v2.2e Standard LaTeX package (lasy symbols)
\symlasy=\mathgroup6
LaTeX Font Info:    Overwriting symbol font `lasy' in version `bold'
(Font)                  U/lasy/m/n --> U/lasy/b/n on input line 47.
)
\@acmtitlebox=\box28
\titlenotecount=\count100
\tntoks=\toks24
\tntokstwo=\toks25
\tntoksthree=\toks26
\tntoksfour=\toks27
\tntoksfive=\toks28
\catcount=\count101
\copyrightnotice=\toks29
\conf=\toks30
\confinfo=\toks31
\c@part=\count102
\c@section=\count103
\c@subsection=\count104
\c@subsubsection=\count105
\c@paragraph=\count106

Using 'Abbrev' bibliography style
LaTeX Info: Redefining \cite on input line 1211.
\bibindent=\dimen122
\colcntr=\count107
\saveb@x=\box29
\copyrtyr=\toks32
\acmcopyr=\toks33
\boilerplate=\toks34
\copyrightetc=\toks35
(C:\CTEX\MiKTeX\tex\latex\base\fontenc.sty
Package: fontenc 2005/09/27 v1.99g Standard LaTeX package

(C:\CTEX\MiKTeX\tex\latex\base\t1enc.def
File: t1enc.def 2005/09/27 v1.99g Standard LaTeX file
LaTeX Font Info:    Redeclaring font encoding T1 on input line 43.
)
LaTeX Font Info:    Try loading font information for T1+aer on input line 100.
 (C:\CTEX\MiKTeX\tex\latex\ae\t1aer.fd
File: t1aer.fd 1997/11/16 Font definitions for T1/aer.
))) (C:\CTEX\MiKTeX\tex\latex\ulem\ulem.sty
\UL@box=\box30
\UL@hyphenbox=\box31
\UL@skip=\skip44
\UL@hook=\toks36
\UL@height=\dimen123
\UL@pe=\count108
\UL@pixel=\dimen124
\ULC@box=\box32
Package: ulem 2011/03/18
\ULdepth=\dimen125
)
(C:\Users\Jie_Lee\Desktop\masking-effect-in-combinatorial-testing\sig-alternate
.aux)
LaTeX Font Info:    Checking defaults for OML/cmm/m/it on input line 51.
LaTeX Font Info:    ... okay on input line 51.
LaTeX Font Info:    Checking defaults for T1/cmr/m/n on input line 51.
LaTeX Font Info:    ... okay on input line 51.
LaTeX Font Info:    Checking defaults for OT1/cmr/m/n on input line 51.
LaTeX Font Info:    ... okay on input line 51.
LaTeX Font Info:    Checking defaults for OMS/cmsy/m/n on input line 51.
LaTeX Font Info:    ... okay on input line 51.
LaTeX Font Info:    Checking defaults for OMX/cmex/m/n on input line 51.
LaTeX Font Info:    ... okay on input line 51.
LaTeX Font Info:    Checking defaults for U/cmr/m/n on input line 51.
LaTeX Font Info:    ... okay on input line 51.
LaTeX Font Info:    Try loading font information for U+msa on input line 137.
 (C:\CTEX\MiKTeX\tex\latex\amsfonts\umsa.fd
File: umsa.fd 2009/06/22 v3.00 AMS symbols A
)
LaTeX Font Info:    Try loading font information for U+msb on input line 137.

(C:\CTEX\MiKTeX\tex\latex\amsfonts\umsb.fd
File: umsb.fd 2009/06/22 v3.00 AMS symbols B
)
LaTeX Font Info:    Try loading font information for U+lasy on input line 137.

(C:\CTEX\MiKTeX\tex\latex\base\ulasy.fd
File: ulasy.fd 1998/08/17 v2.2e LaTeX symbol font definitions
)
Overfull \hbox (10.90216pt too wide) in paragraph at lines 137--137
 []\eaddfnt niuxintao@smail.nju.edu.cn| 
 []


Overfull \hbox (23.82635pt too wide) in paragraph at lines 137--137
 []\eaddfnt cstschan@comp.polyu.edu.hk| 
 []


Underfull \hbox (badness 1418) in paragraph at lines 138--138
[][]\T1/aer/m/n/9 (Does NOT pro-duce the per-mis-sion block, copy-right
 []


Underfull \hbox (badness 6032) in paragraph at lines 138--138
\T1/aer/m/n/9 in-for-ma-tion nor page num-ber-ing). For use with
 []

LaTeX Font Info:    Try loading font information for T1+aett on input line 138.

(C:\CTEX\MiKTeX\tex\latex\ae\t1aett.fd
File: t1aett.fd 1997/11/16 Font definitions for T1/aett.
)
Overfull \hbox (5.89264pt too wide) in paragraph at lines 139--140
\T1/aer/m/n/9 cep-t in com-bi-na-to-ri-al test-ing that in-di-cate the failure-
inducing
 []


Overfull \hbox (1.26794pt too wide) in paragraph at lines 147--148
[]\T1/aer/m/n/9 H.4 [\T1/aer/bx/n/9 Information Sys-tem-s Ap-pli-ca-tion-s\T1/a
er/m/n/9 ]: Mis-cel-la-neous;
 []


Overfull \hbox (4.23705pt too wide) in paragraph at lines 158--159
\T1/aer/m/n/9 can-not be-have as ex-pect-ed in some sub-jec-t soft-ware. Throug
h
 []

[1


]
Overfull \hbox (5.22821pt too wide) in paragraph at lines 192--192
[][]\T1/aett/m/n/9 public static float foo(int a, int b, int c, int d){[] 
 []


Underfull \vbox (badness 2368) has occurred while \output is active []

 [2]
\c@definition=\count109

[3]
File: framework.eps Graphic file (type eps)
 <framework.eps> [4] [5]

LaTeX Warning: Citation `Lamport:LaTeX' on page \thepage  undefined on input li
ne 522.


LaTeX Warning: Citation `Lamport:LaTeX' on page \thepage  undefined on input li
ne 537.


LaTeX Warning: Citation `bowman:reasoning' on page \thepage  undefined on input
 line 564.


LaTeX Warning: Citation `clark:pct' on page \thepage  undefined on input line 5
64.


LaTeX Warning: Citation `braams:babel' on page \thepage  undefined on input lin
e 564.


LaTeX Warning: Citation `herlihy:methodology' on page \thepage  undefined on in
put line 564.


LaTeX Warning: Citation `clark:pct' on page \thepage  undefined on input line 5
65.


LaTeX Warning: Citation `salas:calculus' on page \thepage  undefined on input l
ine 566.


LaTeX Warning: Citation `Lamport:LaTeX' on page \thepage  undefined on input li
ne 566.


LaTeX Warning: Citation `Lamport:LaTeX' on page \thepage  undefined on input li
ne 572.


LaTeX Warning: Citation `Lamport:LaTeX' on page \thepage  undefined on input li
ne 583.

File: fly.eps Graphic file (type eps)
<fly.eps>
File: fly.eps Graphic file (type eps)
 <fly.eps>

LaTeX Font Warning: Font shape `T1/aett/bx/n' undefined
(Font)              using `T1/aett/m/n' instead on input line 666.

File: flies.eps Graphic file (type eps)
<flies.eps> [6]
File: rosette.ps Graphic file (type eps)
 <rosette.ps>
\c@theorem=\count110

Overfull \hbox (15.60826pt too wide) detected at line 746
\OML/cmm/m/it/9 l \OT1/cmr/m/n/9 = [] \OML/cmm/m/it/9 f\OT1/cmr/m/n/9 (\OML/cmm
/m/it/9 x\OT1/cmr/m/n/9 ) = [] [] = [] \OML/cmm/m/it/9 g\OT1/cmr/m/n/9 (\OML/cm
m/m/it/9 x\OT1/cmr/m/n/9 ) \OMS/cmsy/m/n/9  [] [] \OT1/cmr/m/n/9 = 0 \OMS/cmsy
/m/n/9  \OML/cmm/m/it/9 L \OT1/cmr/m/n/9 = 0\OML/cmm/m/it/9 ;
 []


LaTeX Warning: Citation `salas:calculus' on page \thepage  undefined on input l
ine 756.

[7]
No file sig-alternate.bbl.

Overfull \hbox (11.79744pt too wide) in paragraph at lines 837--841
\T1/aer/m/n/9 just ad-d the names and in-for-ma-tion in the \T1/aett/bx/n/9 \ad
ditionalauthors
 []

[8]
(C:\Users\Jie_Lee\Desktop\masking-effect-in-combinatorial-testing\sig-alternate
.aux)

LaTeX Font Warning: Some font shapes were not available, defaults substituted.

 ) 
Here is how much of TeX's memory you used:
 1950 strings out of 495355
 21301 string characters out of 3183882
 84248 words of memory out of 3000000
 5099 multiletter control sequences out of 15000+200000
 45086 words of font info for 55 fonts, out of 3000000 for 9000
 14 hyphenation exceptions out of 8191
 39i,10n,26p,957b,259s stack positions out of 5000i,500n,10000p,200000b,50000s

Output written on sig-alternate.dvi (8 pages, 80480 bytes).
